Collecting package metadata (repodata.json): ...working... done
Solving environment: ...working... done

Downloading and Extracting Packages
libzlib-1.2.13       | 60 KB     |            |   0% libzlib-1.2.13       | 60 KB     | ########## | 100% libzlib-1.2.13       | 60 KB     | ########## | 100% 
Preparing transaction: ...working... done
Verifying transaction: ...working... done
Executing transaction: ...working... 
Found conflicts! Looking for incompatible packages.
This can take several minutes.  Press CTRL-C to abort.
failed
Solving environment: ...working... done
Installing pip dependencies: ...working... Ran pip subprocess with arguments:
['/home/lcur2441/.conda/envs/recsys/bin/python', '-m', 'pip', 'install', '-U', '-r', '/home/lcur2441/recsys/condaenv.sj6wovjc.requirements.txt']
Pip subprocess output:
Collecting tensorflow==1.15.2
  Using cached tensorflow-1.15.2-cp37-cp37m-manylinux2010_x86_64.whl (110.5 MB)
Requirement already satisfied: wheel>=0.26 in /home/lcur2441/.conda/envs/recsys/lib/python3.7/site-packages (from tensorflow==1.15.2->-r /home/lcur2441/recsys/condaenv.sj6wovjc.requirements.txt (line 1)) (0.40.0)
Collecting tensorflow-estimator==1.15.1
  Using cached tensorflow_estimator-1.15.1-py2.py3-none-any.whl (503 kB)
Collecting google-pasta>=0.1.6
  Using cached google_pasta-0.2.0-py3-none-any.whl (57 kB)
Collecting astor>=0.6.0
  Using cached astor-0.8.1-py2.py3-none-any.whl (27 kB)
Collecting gast==0.2.2
  Using cached gast-0.2.2-py3-none-any.whl
Collecting grpcio>=1.8.6
  Using cached grpcio-1.54.2-cp37-cp37m-manylinux_2_17_x86_64.manylinux2014_x86_64.whl (5.1 MB)
Collecting opt-einsum>=2.3.2
  Using cached opt_einsum-3.3.0-py3-none-any.whl (65 kB)
Requirement already satisfied: protobuf>=3.6.1 in /home/lcur2441/.conda/envs/recsys/lib/python3.7/site-packages (from tensorflow==1.15.2->-r /home/lcur2441/recsys/condaenv.sj6wovjc.requirements.txt (line 1)) (3.20.3)
Collecting keras-preprocessing>=1.0.5
  Using cached Keras_Preprocessing-1.1.2-py2.py3-none-any.whl (42 kB)
Requirement already satisfied: six>=1.10.0 in /home/lcur2441/.conda/envs/recsys/lib/python3.7/site-packages (from tensorflow==1.15.2->-r /home/lcur2441/recsys/condaenv.sj6wovjc.requirements.txt (line 1)) (1.16.0)
Collecting termcolor>=1.1.0
  Using cached termcolor-2.3.0-py3-none-any.whl (6.9 kB)
Collecting absl-py>=0.7.0
  Using cached absl_py-1.4.0-py3-none-any.whl (126 kB)
Collecting tensorboard<1.16.0,>=1.15.0
  Using cached tensorboard-1.15.0-py3-none-any.whl (3.8 MB)
Collecting wrapt>=1.11.1
  Using cached wrapt-1.15.0-cp37-cp37m-manylinux_2_5_x86_64.manylinux1_x86_64.manylinux_2_17_x86_64.manylinux2014_x86_64.whl (75 kB)
Requirement already satisfied: numpy<2.0,>=1.16.0 in /home/lcur2441/.conda/envs/recsys/lib/python3.7/site-packages (from tensorflow==1.15.2->-r /home/lcur2441/recsys/condaenv.sj6wovjc.requirements.txt (line 1)) (1.18.1)
Collecting keras-applications>=1.0.8
  Using cached Keras_Applications-1.0.8-py3-none-any.whl (50 kB)
Collecting h5py
  Using cached h5py-3.8.0-cp37-cp37m-manylinux_2_17_x86_64.manylinux2014_x86_64.whl (4.3 MB)
Requirement already satisfied: setuptools>=41.0.0 in /home/lcur2441/.conda/envs/recsys/lib/python3.7/site-packages (from tensorboard<1.16.0,>=1.15.0->tensorflow==1.15.2->-r /home/lcur2441/recsys/condaenv.sj6wovjc.requirements.txt (line 1)) (59.8.0)
Collecting werkzeug>=0.11.15
  Using cached Werkzeug-2.2.3-py3-none-any.whl (233 kB)
Collecting markdown>=2.6.8
  Using cached Markdown-3.4.3-py3-none-any.whl (93 kB)
Requirement already satisfied: importlib-metadata>=4.4 in /home/lcur2441/.conda/envs/recsys/lib/python3.7/site-packages (from markdown>=2.6.8->tensorboard<1.16.0,>=1.15.0->tensorflow==1.15.2->-r /home/lcur2441/recsys/condaenv.sj6wovjc.requirements.txt (line 1)) (4.11.4)
Requirement already satisfied: MarkupSafe>=2.1.1 in /home/lcur2441/.conda/envs/recsys/lib/python3.7/site-packages (from werkzeug>=0.11.15->tensorboard<1.16.0,>=1.15.0->tensorflow==1.15.2->-r /home/lcur2441/recsys/condaenv.sj6wovjc.requirements.txt (line 1)) (2.1.1)
Requirement already satisfied: zipp>=0.5 in /home/lcur2441/.conda/envs/recsys/lib/python3.7/site-packages (from importlib-metadata>=4.4->markdown>=2.6.8->tensorboard<1.16.0,>=1.15.0->tensorflow==1.15.2->-r /home/lcur2441/recsys/condaenv.sj6wovjc.requirements.txt (line 1)) (3.15.0)
Requirement already satisfied: typing-extensions>=3.6.4 in /home/lcur2441/.conda/envs/recsys/lib/python3.7/site-packages (from importlib-metadata>=4.4->markdown>=2.6.8->tensorboard<1.16.0,>=1.15.0->tensorflow==1.15.2->-r /home/lcur2441/recsys/condaenv.sj6wovjc.requirements.txt (line 1)) (4.6.3)
Installing collected packages: tensorflow-estimator, wrapt, werkzeug, termcolor, opt-einsum, keras-preprocessing, h5py, grpcio, google-pasta, gast, astor, absl-py, markdown, keras-applications, tensorboard, tensorflow
Successfully installed absl-py-1.4.0 astor-0.8.1 gast-0.2.2 google-pasta-0.2.0 grpcio-1.54.2 h5py-3.8.0 keras-applications-1.0.8 keras-preprocessing-1.1.2 markdown-3.4.3 opt-einsum-3.3.0 tensorboard-1.15.0 tensorflow-1.15.2 tensorflow-estimator-1.15.1 termcolor-2.3.0 werkzeug-2.2.3 wrapt-1.15.0

done
#
# To activate this environment, use
#
#     $ conda activate recsys
#
# To deactivate an active environment, use
#
#     $ conda deactivate


Found conflicts! Looking for incompatible packages.
This can take several minutes.  Press CTRL-C to abort.
failed
