#1: wmf...
#2: wmf...
#3: wmf...
#4: wmf...
#5: wmf...
#6: wmf...
#7: wmf...
#8: wmf...
#9: wmf...
#10: wmf...
               wmf       wmf       wmf  ...       wmf       wmf      mean
DCG@3     0.082892  0.082359  0.082608  ...  0.081797  0.081767  0.082358
Recall@3  0.089582  0.088916  0.089131  ...  0.087825  0.089174  0.088861
MAP@3     0.068437  0.067510  0.068539  ...  0.066978  0.067381  0.067670
DCG@5     0.095851  0.095015  0.096224  ...  0.096390  0.095796  0.096177
Recall@5  0.117282  0.115836  0.118369  ...  0.118975  0.119313  0.118379

[5 rows x 11 columns]
Average DCG@3:  DCG@3       0.082358
Recall@3    0.088861
MAP@3       0.067670
DCG@5       0.096177
Recall@5    0.118379
MAP@5       0.076376
DCG@8       0.107686
Recall@8    0.150255
MAP@8       0.083207
Name: mean, dtype: float64
