
## Package Plan ##

  environment location: /home/lcur2441/.conda/envs/recsys


The following packages will be REMOVED:

  _libgcc_mutex-0.1-conda_forge
  _openmp_mutex-4.5-2_gnu
  alembic-1.11.1-pyhd8ed1ab_0
  bottleneck-1.3.5-py37h7deecbd_0
  ca-certificates-2023.5.7-hbcca054_0
  cmaes-0.9.1-pyhd8ed1ab_0
  colorama-0.4.6-pyhd8ed1ab_0
  colorlog-6.7.0-py37h89c1867_0
  greenlet-1.1.3-py37hd23a5d3_0
  importlib-metadata-4.11.4-py37h89c1867_0
  importlib_resources-5.12.0-pyhd8ed1ab_0
  joblib-1.2.0-pyhd8ed1ab_0
  ld_impl_linux-64-2.40-h41732ed_0
  libblas-3.9.0-17_linux64_openblas
  libcblas-3.9.0-17_linux64_openblas
  libffi-3.4.2-h7f98852_5
  libgcc-ng-13.1.0-he5830b7_0
  libgfortran-ng-13.1.0-h69a702a_0
  libgfortran5-13.1.0-h15d22d2_0
  libgomp-13.1.0-he5830b7_0
  liblapack-3.9.0-17_linux64_openblas
  libnsl-2.0.0-h7f98852_0
  libopenblas-0.3.23-pthreads_h80387f5_0
  libprotobuf-3.20.3-h3eb15da_0
  libsqlite-3.42.0-h2797004_0
  libstdcxx-ng-13.1.0-hfd8a6a1_0
  libzlib-1.2.13-h166bdaf_4
  mako-1.2.4-pyhd8ed1ab_0
  markupsafe-2.1.1-py37h540881e_1
  ncurses-6.4-hcb278e6_0
  numpy-1.18.1-py37h8960a57_1
  openssl-3.1.1-hd590300_1
  optuna-3.2.0-pyhd8ed1ab_0
  packaging-23.1-pyhd8ed1ab_0
  pandas-0.25.1-py37hb3f55d8_0
  pip-22.2.2-pyhd8ed1ab_0
  protobuf-3.20.3-py37h6a678d5_0
  python-3.7.12-hf930737_100_cpython
  python-dateutil-2.8.2-pyhd8ed1ab_0
  python_abi-3.7-3_cp37m
  pytz-2023.3-pyhd8ed1ab_0
  pyyaml-5.1.2-py37h516909a_1
  readline-8.2-h8228510_1
  scikit-learn-0.23.1-py37h8a51577_0
  scipy-1.7.0-py37h29e03ee_1
  setuptools-59.8.0-py37h89c1867_1
  six-1.16.0-pyh6c4a22f_0
  sqlalchemy-1.4.42-py37h540881e_0
  sqlite-3.42.0-h2c6b66d_0
  threadpoolctl-3.1.0-pyh8a188c0_0
  tk-8.6.12-h27826a3_0
  tqdm-4.65.0-pyhd8ed1ab_1
  typing-extensions-4.6.3-hd8ed1ab_0
  typing_extensions-4.6.3-pyha770c72_0
  wheel-0.40.0-pyhd8ed1ab_0
  xz-5.2.6-h166bdaf_0
  yaml-0.2.5-h7f98852_2
  zipp-3.15.0-pyhd8ed1ab_0


Proceed ([y]/n)? 
Preparing transaction: ...working... done
Verifying transaction: ...working... done
Executing transaction: ...working... done

Remove all packages in environment /home/lcur2441/.conda/envs/recsys:

