WARNING:tensorflow:From /home/lcur2441/recsys/src/trainer.py:79: The name tf.Session is deprecated. Please use tf.compat.v1.Session instead.

[I 2023-06-25 14:30:58,807] A new study created in memory with name: no-name-4bcb335b-30cf-4a48-808e-cdf19ae71416
2023-06-25 14:30:58.828006: I tensorflow/core/platform/cpu_feature_guard.cc:142] Your CPU supports instructions that this TensorFlow binary was not compiled to use: AVX2 AVX512F FMA
2023-06-25 14:30:58.850460: I tensorflow/core/platform/profile_utils/cpu_utils.cc:94] CPU Frequency: 2100000000 Hz
2023-06-25 14:30:58.850866: I tensorflow/compiler/xla/service/service.cc:168] XLA service 0x557ecdcaaf60 initialized for platform Host (this does not guarantee that XLA will be used). Devices:
2023-06-25 14:30:58.850895: I tensorflow/compiler/xla/service/service.cc:176]   StreamExecutor device (0): Host, Default Version
[I 2023-06-25 14:31:14,893] Trial 0 finished with value: 0.1331827091407713 and parameters: {'beta': 0.023056889730756543, 'dim': 200, 'lam': 2.9520591737104308e-06}. Best is trial 0 with value: 0.1331827091407713.
[I 2023-06-25 14:31:28,573] Trial 1 finished with value: 0.13784287610061882 and parameters: {'beta': 0.5311027175320362, 'dim': 160, 'lam': 3.305687756939065e-07}. Best is trial 1 with value: 0.13784287610061882.
[I 2023-06-25 14:31:43,868] Trial 2 finished with value: 0.13711683350197273 and parameters: {'beta': 0.011528644030937356, 'dim': 240, 'lam': 1.967876096368963e-07}. Best is trial 1 with value: 0.13784287610061882.
[I 2023-06-25 14:31:57,937] Trial 3 finished with value: 0.13715799526923167 and parameters: {'beta': 0.7959184722932825, 'dim': 180, 'lam': 1.3174464325089511e-05}. Best is trial 1 with value: 0.13784287610061882.
[I 2023-06-25 14:32:12,500] Trial 4 finished with value: 0.13966532873821355 and parameters: {'beta': 0.1938922873661263, 'dim': 200, 'lam': 3.6046216782746376e-05}. Best is trial 4 with value: 0.13966532873821355.
[I 2023-06-25 14:32:28,827] Trial 5 finished with value: 0.13646899128179837 and parameters: {'beta': 0.16275012494388966, 'dim': 300, 'lam': 8.471093881714593e-06}. Best is trial 4 with value: 0.13966532873821355.
[I 2023-06-25 14:32:42,806] Trial 6 finished with value: 0.1369616517486627 and parameters: {'beta': 0.11612820961910421, 'dim': 160, 'lam': 5.7565645682502604e-05}. Best is trial 4 with value: 0.13966532873821355.
[I 2023-06-25 14:32:57,872] Trial 7 finished with value: 0.13674306556008334 and parameters: {'beta': 0.49950464274561357, 'dim': 240, 'lam': 7.944773984788936e-07}. Best is trial 4 with value: 0.13966532873821355.
[I 2023-06-25 14:33:13,306] Trial 8 finished with value: 0.13900983149825066 and parameters: {'beta': 9.605795618878847, 'dim': 260, 'lam': 8.586371678582065e-07}. Best is trial 4 with value: 0.13966532873821355.
[I 2023-06-25 14:33:27,293] Trial 9 finished with value: 0.1408995689671991 and parameters: {'beta': 0.5596511017501098, 'dim': 180, 'lam': 7.981544564985673e-05}. Best is trial 9 with value: 0.1408995689671991.
[I 2023-06-25 14:33:40,018] Trial 10 finished with value: 0.1049023534232973 and parameters: {'beta': 2.343868530219403, 'dim': 100, 'lam': 0.0006720811066935333}. Best is trial 9 with value: 0.1408995689671991.
[I 2023-06-25 14:33:53,104] Trial 11 finished with value: 0.14139527874201502 and parameters: {'beta': 0.06368141915961846, 'dim': 120, 'lam': 8.564457490535307e-05}. Best is trial 11 with value: 0.14139527874201502.
[I 2023-06-25 14:34:05,671] Trial 12 finished with value: 0.13887731355741725 and parameters: {'beta': 0.06171582025842574, 'dim': 100, 'lam': 0.00021646939617406125}. Best is trial 11 with value: 0.14139527874201502.
[I 2023-06-25 14:34:19,026] Trial 13 finished with value: 0.14224234929127633 and parameters: {'beta': 0.0508061354758955, 'dim': 140, 'lam': 0.00012436142889781323}. Best is trial 13 with value: 0.14224234929127633.
[I 2023-06-25 14:34:31,813] Trial 14 finished with value: 0.10077745634573279 and parameters: {'beta': 0.05645053153785067, 'dim': 120, 'lam': 0.0009426534608555732}. Best is trial 13 with value: 0.14224234929127633.
[I 2023-06-25 14:34:45,062] Trial 15 finished with value: 0.13991111076475 and parameters: {'beta': 0.03738528668517131, 'dim': 140, 'lam': 0.00016851493623640362}. Best is trial 13 with value: 0.14224234929127633.
[I 2023-06-25 14:34:58,087] Trial 16 finished with value: 0.1354779177860646 and parameters: {'beta': 0.012538918189168463, 'dim': 140, 'lam': 0.00026939018942620714}. Best is trial 13 with value: 0.14224234929127633.
[I 2023-06-25 14:35:10,873] Trial 17 finished with value: 0.13625434582297113 and parameters: {'beta': 0.07771423963123782, 'dim': 120, 'lam': 2.79906382442205e-05}. Best is trial 13 with value: 0.14224234929127633.
[I 2023-06-25 14:35:23,492] Trial 18 finished with value: 0.13984014940735096 and parameters: {'beta': 0.030021374683067044, 'dim': 120, 'lam': 9.108079707433236e-05}. Best is trial 13 with value: 0.14224234929127633.
[I 2023-06-25 14:35:36,901] Trial 19 finished with value: 0.13038455123172765 and parameters: {'beta': 0.11490389331737175, 'dim': 160, 'lam': 0.00034552234585719327}. Best is trial 13 with value: 0.14224234929127633.
[I 2023-06-25 14:35:49,966] Trial 20 finished with value: 0.1420513996832156 and parameters: {'beta': 0.2496189321444927, 'dim': 140, 'lam': 0.00012137630924125187}. Best is trial 13 with value: 0.14224234929127633.
[I 2023-06-25 14:36:02,950] Trial 21 finished with value: 0.13657965601385352 and parameters: {'beta': 0.23739958663357005, 'dim': 140, 'lam': 0.00013026453794520872}. Best is trial 13 with value: 0.14224234929127633.
[I 2023-06-25 14:36:15,403] Trial 22 finished with value: 0.1234046413320002 and parameters: {'beta': 0.0910508191283343, 'dim': 100, 'lam': 0.00040908725645048664}. Best is trial 13 with value: 0.14224234929127633.
[I 2023-06-25 14:36:28,316] Trial 23 finished with value: 0.1418421401950711 and parameters: {'beta': 0.0444433215360225, 'dim': 140, 'lam': 0.00010903087803474329}. Best is trial 13 with value: 0.14224234929127633.
[I 2023-06-25 14:36:42,122] Trial 24 finished with value: 0.13843055517846645 and parameters: {'beta': 0.02199943173384107, 'dim': 180, 'lam': 3.541649806518124e-05}. Best is trial 13 with value: 0.14224234929127633.
[I 2023-06-25 14:36:55,108] Trial 25 finished with value: 0.13956406657194165 and parameters: {'beta': 0.040041466419415445, 'dim': 140, 'lam': 0.0001686555099219025}. Best is trial 13 with value: 0.14224234929127633.
[I 2023-06-25 14:37:08,506] Trial 26 finished with value: 0.1201949166756208 and parameters: {'beta': 0.2547579491461784, 'dim': 160, 'lam': 0.0004828868515899621}. Best is trial 13 with value: 0.14224234929127633.
[I 2023-06-25 14:37:22,847] Trial 27 finished with value: 0.09977770383024906 and parameters: {'beta': 0.01707042407268185, 'dim': 220, 'lam': 0.0008942252232584497}. Best is trial 13 with value: 0.14224234929127633.
[I 2023-06-25 14:37:36,670] Trial 28 finished with value: 0.13067550462203334 and parameters: {'beta': 0.03322092885283937, 'dim': 180, 'lam': 0.0003157265226782466}. Best is trial 13 with value: 0.14224234929127633.
[I 2023-06-25 14:37:51,114] Trial 29 finished with value: 0.13603239501736814 and parameters: {'beta': 0.01833851869029584, 'dim': 220, 'lam': 1.4118036610948452e-05}. Best is trial 13 with value: 0.14224234929127633.
[I 2023-06-25 14:38:04,048] Trial 30 finished with value: 0.13810674650359664 and parameters: {'beta': 0.048707819618539164, 'dim': 140, 'lam': 5.41152705679786e-05}. Best is trial 13 with value: 0.14224234929127633.
[I 2023-06-25 14:38:16,830] Trial 31 finished with value: 0.14086190765644235 and parameters: {'beta': 0.07187384256364576, 'dim': 120, 'lam': 0.00011862543980666564}. Best is trial 13 with value: 0.14224234929127633.
[I 2023-06-25 14:38:29,465] Trial 32 finished with value: 0.14208708506765547 and parameters: {'beta': 0.13457006824306844, 'dim': 120, 'lam': 8.550487808852449e-05}. Best is trial 13 with value: 0.14224234929127633.
[I 2023-06-25 14:38:41,937] Trial 33 finished with value: 0.13956425479405016 and parameters: {'beta': 0.1358713186575773, 'dim': 100, 'lam': 0.00019354958334886417}. Best is trial 13 with value: 0.14224234929127633.
[I 2023-06-25 14:38:55,208] Trial 34 finished with value: 0.13578089820634906 and parameters: {'beta': 0.10001285431064734, 'dim': 160, 'lam': 2.3301824348537903e-05}. Best is trial 13 with value: 0.14224234929127633.
[I 2023-06-25 14:39:08,277] Trial 35 finished with value: 0.1377199068786849 and parameters: {'beta': 0.1699043559552505, 'dim': 140, 'lam': 5.7714249821209696e-05}. Best is trial 13 with value: 0.14224234929127633.
[I 2023-06-25 14:39:21,572] Trial 36 finished with value: 0.14080661180694637 and parameters: {'beta': 0.29901566367110943, 'dim': 160, 'lam': 0.00012749242714084173}. Best is trial 13 with value: 0.14224234929127633.
[I 2023-06-25 14:39:35,377] Trial 37 finished with value: 0.13049011335370347 and parameters: {'beta': 0.026683969946407954, 'dim': 180, 'lam': 8.181733468358564e-06}. Best is trial 13 with value: 0.14224234929127633.
[I 2023-06-25 14:39:51,118] Trial 38 finished with value: 0.1164859503678716 and parameters: {'beta': 0.19391867362899076, 'dim': 300, 'lam': 0.0005286130996187186}. Best is trial 13 with value: 0.14224234929127633.
[I 2023-06-25 14:40:05,354] Trial 39 finished with value: 0.1386669914371601 and parameters: {'beta': 0.049829585064335526, 'dim': 200, 'lam': 0.00021007422371599498}. Best is trial 13 with value: 0.14224234929127633.
[I 2023-06-25 14:40:20,850] Trial 40 finished with value: 0.14026168491994243 and parameters: {'beta': 0.14161195256626133, 'dim': 280, 'lam': 4.33389873499614e-05}. Best is trial 13 with value: 0.14224234929127633.
[I 2023-06-25 14:40:33,514] Trial 41 finished with value: 0.13717861202232268 and parameters: {'beta': 0.0797256058487018, 'dim': 120, 'lam': 8.758023586194891e-05}. Best is trial 13 with value: 0.14224234929127633.
[I 2023-06-25 14:40:46,309] Trial 42 finished with value: 0.13825963637000988 and parameters: {'beta': 0.1080446253101651, 'dim': 120, 'lam': 7.140270935159782e-05}. Best is trial 13 with value: 0.14224234929127633.
[I 2023-06-25 14:40:58,671] Trial 43 finished with value: 0.13887400622959772 and parameters: {'beta': 0.059135038565279095, 'dim': 100, 'lam': 0.00010464505268228684}. Best is trial 13 with value: 0.14224234929127633.
[I 2023-06-25 14:41:11,473] Trial 44 finished with value: 0.13914904684757431 and parameters: {'beta': 0.04187394288074506, 'dim': 120, 'lam': 7.422963652557296e-05}. Best is trial 13 with value: 0.14224234929127633.
[I 2023-06-25 14:41:24,459] Trial 45 finished with value: 0.1345179412162483 and parameters: {'beta': 0.3492248652066439, 'dim': 140, 'lam': 0.00027528137369500457}. Best is trial 13 with value: 0.14224234929127633.
[I 2023-06-25 14:41:37,948] Trial 46 finished with value: 0.13624548875823023 and parameters: {'beta': 0.0738602232750895, 'dim': 160, 'lam': 5.24052991808905e-05}. Best is trial 13 with value: 0.14224234929127633.
[I 2023-06-25 14:41:50,290] Trial 47 finished with value: 0.12969300540078604 and parameters: {'beta': 0.16588182091042547, 'dim': 100, 'lam': 2.132637254144449e-05}. Best is trial 13 with value: 0.14224234929127633.
[I 2023-06-25 14:42:03,116] Trial 48 finished with value: 0.13960057601578962 and parameters: {'beta': 0.03263232947520349, 'dim': 120, 'lam': 0.0001585155001187563}. Best is trial 13 with value: 0.14224234929127633.
[I 2023-06-25 14:42:16,176] Trial 49 finished with value: 0.13663654562082278 and parameters: {'beta': 0.057154029022708455, 'dim': 140, 'lam': 3.4125476617757085e-05}. Best is trial 13 with value: 0.14224234929127633.
[I 2023-06-25 14:42:28,834] Trial 50 finished with value: 0.1388467727096166 and parameters: {'beta': 0.11745084872821165, 'dim': 120, 'lam': 0.00023891666447642664}. Best is trial 13 with value: 0.14224234929127633.
[I 2023-06-25 14:42:42,646] Trial 51 finished with value: 0.14139935003985302 and parameters: {'beta': 0.4773563196262289, 'dim': 180, 'lam': 8.770795519121063e-05}. Best is trial 13 with value: 0.14224234929127633.
[I 2023-06-25 14:42:56,380] Trial 52 finished with value: 0.14138583633202692 and parameters: {'beta': 0.38086927196521997, 'dim': 180, 'lam': 0.00011193495429830573}. Best is trial 13 with value: 0.14224234929127633.
[I 2023-06-25 14:43:10,954] Trial 53 finished with value: 0.14330020463028023 and parameters: {'beta': 0.49676352058927, 'dim': 220, 'lam': 7.145206882010973e-05}. Best is trial 53 with value: 0.14330020463028023.
[I 2023-06-25 14:43:25,321] Trial 54 finished with value: 0.14115051716827673 and parameters: {'beta': 0.5394754179363458, 'dim': 220, 'lam': 7.579778297625276e-05}. Best is trial 53 with value: 0.14330020463028023.
[I 2023-06-25 14:43:39,454] Trial 55 finished with value: 0.14270786720218634 and parameters: {'beta': 0.814684422613012, 'dim': 200, 'lam': 0.0001515675418830522}. Best is trial 53 with value: 0.14330020463028023.
[I 2023-06-25 14:43:53,756] Trial 56 finished with value: 0.1423828564521746 and parameters: {'beta': 0.7864005203179488, 'dim': 220, 'lam': 0.0001518332884948075}. Best is trial 53 with value: 0.14330020463028023.
[I 2023-06-25 14:44:08,603] Trial 57 finished with value: 0.13072588732288884 and parameters: {'beta': 0.8678268849618799, 'dim': 240, 'lam': 0.00035610258050887373}. Best is trial 53 with value: 0.14330020463028023.
[I 2023-06-25 14:44:23,472] Trial 58 finished with value: 0.14023647024896918 and parameters: {'beta': 0.8408047586849282, 'dim': 240, 'lam': 0.00015712088299047716}. Best is trial 53 with value: 0.14330020463028023.
[I 2023-06-25 14:44:38,143] Trial 59 finished with value: 0.13805837614523808 and parameters: {'beta': 1.1177774361814192, 'dim': 240, 'lam': 0.00025732318679979883}. Best is trial 53 with value: 0.14330020463028023.
[I 2023-06-25 14:44:52,321] Trial 60 finished with value: 0.11769448561986981 and parameters: {'beta': 0.6740571747869573, 'dim': 200, 'lam': 0.0005145639015454594}. Best is trial 53 with value: 0.14330020463028023.
[I 2023-06-25 14:45:06,596] Trial 61 finished with value: 0.14065692988618514 and parameters: {'beta': 1.1782350645556148, 'dim': 220, 'lam': 0.00015271400845301599}. Best is trial 53 with value: 0.14330020463028023.
[I 2023-06-25 14:45:21,725] Trial 62 finished with value: 0.14552889250199955 and parameters: {'beta': 0.4308585170286294, 'dim': 260, 'lam': 0.00011662421766651367}. Best is trial 62 with value: 0.14552889250199955.
[I 2023-06-25 14:45:36,747] Trial 63 finished with value: 0.13935260773308697 and parameters: {'beta': 0.4095768154286562, 'dim': 260, 'lam': 0.00017218853701662682}. Best is trial 62 with value: 0.14552889250199955.
[I 2023-06-25 14:45:51,865] Trial 64 finished with value: 0.14383261175701278 and parameters: {'beta': 0.28853835978897846, 'dim': 260, 'lam': 5.684952209297053e-05}. Best is trial 62 with value: 0.14552889250199955.
[I 2023-06-25 14:46:06,910] Trial 65 finished with value: 0.14273066421312933 and parameters: {'beta': 0.29484988598905565, 'dim': 260, 'lam': 6.094740482062434e-05}. Best is trial 62 with value: 0.14552889250199955.
[I 2023-06-25 14:46:22,088] Trial 66 finished with value: 0.14181350578061153 and parameters: {'beta': 0.43242982164787813, 'dim': 260, 'lam': 4.876455830011132e-05}. Best is trial 62 with value: 0.14552889250199955.
[I 2023-06-25 14:46:37,422] Trial 67 finished with value: 0.13718675544161693 and parameters: {'beta': 0.29153575195361703, 'dim': 280, 'lam': 3.4337774197019075e-05}. Best is trial 62 with value: 0.14552889250199955.
[I 2023-06-25 14:46:52,640] Trial 68 finished with value: 0.14350770567341267 and parameters: {'beta': 0.665675619215313, 'dim': 260, 'lam': 6.45748321704931e-05}. Best is trial 62 with value: 0.14552889250199955.
[I 2023-06-25 14:47:08,287] Trial 69 finished with value: 0.14226676570378524 and parameters: {'beta': 0.6537734967893076, 'dim': 280, 'lam': 6.630443556953036e-05}. Best is trial 62 with value: 0.14552889250199955.
[I 2023-06-25 14:47:23,254] Trial 70 finished with value: 0.14214582347798727 and parameters: {'beta': 0.3428942246990713, 'dim': 260, 'lam': 4.756424099402163e-05}. Best is trial 62 with value: 0.14552889250199955.
[I 2023-06-25 14:47:38,788] Trial 71 finished with value: 0.1438694863954431 and parameters: {'beta': 0.6809560717961722, 'dim': 280, 'lam': 5.7512691035317836e-05}. Best is trial 62 with value: 0.14552889250199955.
[I 2023-06-25 14:47:53,770] Trial 72 finished with value: 0.14049966561883392 and parameters: {'beta': 0.5319242282067542, 'dim': 260, 'lam': 6.600252132559361e-05}. Best is trial 62 with value: 0.14552889250199955.
[I 2023-06-25 14:48:09,278] Trial 73 finished with value: 0.14480493384095278 and parameters: {'beta': 0.6411510669848274, 'dim': 280, 'lam': 4.313685645498917e-05}. Best is trial 62 with value: 0.14552889250199955.
[I 2023-06-25 14:48:24,653] Trial 74 finished with value: 0.1393130104028369 and parameters: {'beta': 0.46361127729114965, 'dim': 280, 'lam': 3.947161137675788e-05}. Best is trial 62 with value: 0.14552889250199955.
[I 2023-06-25 14:48:40,528] Trial 75 finished with value: 0.14337330076424704 and parameters: {'beta': 0.6234751718051799, 'dim': 300, 'lam': 2.8184460067499925e-05}. Best is trial 62 with value: 0.14552889250199955.
[I 2023-06-25 14:48:56,254] Trial 76 finished with value: 0.14145873279622803 and parameters: {'beta': 0.2291610268233576, 'dim': 300, 'lam': 2.3962935188687658e-05}. Best is trial 62 with value: 0.14552889250199955.
[I 2023-06-25 14:49:11,774] Trial 77 finished with value: 0.1426307552707373 and parameters: {'beta': 0.3294931592674152, 'dim': 280, 'lam': 2.9410572119006112e-05}. Best is trial 62 with value: 0.14552889250199955.
[I 2023-06-25 14:49:27,617] Trial 78 finished with value: 0.14295436491344798 and parameters: {'beta': 0.5824267540724238, 'dim': 300, 'lam': 4.3142684988422064e-05}. Best is trial 62 with value: 0.14552889250199955.
[I 2023-06-25 14:49:43,331] Trial 79 finished with value: 0.1402915705955587 and parameters: {'beta': 0.6048858765438796, 'dim': 300, 'lam': 4.283122961105259e-05}. Best is trial 62 with value: 0.14552889250199955.
[I 2023-06-25 14:49:59,184] Trial 80 finished with value: 0.1426630768137893 and parameters: {'beta': 0.4367049188951636, 'dim': 300, 'lam': 2.922462420586351e-05}. Best is trial 62 with value: 0.14552889250199955.
[I 2023-06-25 14:50:14,499] Trial 81 finished with value: 0.1406780141459076 and parameters: {'beta': 0.5464427284975417, 'dim': 280, 'lam': 5.5166748828377866e-05}. Best is trial 62 with value: 0.14552889250199955.
[I 2023-06-25 14:50:29,683] Trial 82 finished with value: 0.14028103516768767 and parameters: {'beta': 0.3848857721682979, 'dim': 260, 'lam': 6.441028570883462e-05}. Best is trial 62 with value: 0.14552889250199955.
[I 2023-06-25 14:50:45,417] Trial 83 finished with value: 0.14295306895776566 and parameters: {'beta': 0.27719524603637524, 'dim': 300, 'lam': 9.356210350667708e-05}. Best is trial 62 with value: 0.14552889250199955.
[I 2023-06-25 14:51:01,401] Trial 84 finished with value: 0.14500403145910054 and parameters: {'beta': 0.6562489733420754, 'dim': 300, 'lam': 0.0001067780728684593}. Best is trial 62 with value: 0.14552889250199955.
[I 2023-06-25 14:51:16,708] Trial 85 finished with value: 0.1412013599881163 and parameters: {'beta': 0.6764594856570559, 'dim': 280, 'lam': 1.822936729842953e-05}. Best is trial 62 with value: 0.14552889250199955.
[I 2023-06-25 14:51:32,619] Trial 86 finished with value: 0.13969102666479793 and parameters: {'beta': 0.479116435333761, 'dim': 300, 'lam': 4.036308570023416e-05}. Best is trial 62 with value: 0.14552889250199955.
[I 2023-06-25 14:51:48,086] Trial 87 finished with value: 0.14384625677908355 and parameters: {'beta': 1.025953781158739, 'dim': 280, 'lam': 8.365735879944048e-05}. Best is trial 62 with value: 0.14552889250199955.
[I 2023-06-25 14:52:03,463] Trial 88 finished with value: 0.1419947841951829 and parameters: {'beta': 1.0928772002426095, 'dim': 280, 'lam': 0.00011438071463214693}. Best is trial 62 with value: 0.14552889250199955.
[I 2023-06-25 14:52:18,897] Trial 89 finished with value: 0.14373585873764394 and parameters: {'beta': 1.4923320372841813, 'dim': 280, 'lam': 9.337568742676762e-05}. Best is trial 62 with value: 0.14552889250199955.
[I 2023-06-25 14:52:34,326] Trial 90 finished with value: 0.14365259776688366 and parameters: {'beta': 1.4913509456244174, 'dim': 280, 'lam': 9.653121401537229e-05}. Best is trial 62 with value: 0.14552889250199955.
[I 2023-06-25 14:52:49,819] Trial 91 finished with value: 0.14291737476534058 and parameters: {'beta': 1.4214282698164449, 'dim': 280, 'lam': 9.537043898405123e-05}. Best is trial 62 with value: 0.14552889250199955.
[I 2023-06-25 14:53:05,088] Trial 92 finished with value: 0.14501597634608426 and parameters: {'beta': 1.5671477608151412, 'dim': 280, 'lam': 8.711672849380483e-05}. Best is trial 62 with value: 0.14552889250199955.
[I 2023-06-25 14:53:20,201] Trial 93 finished with value: 0.14218388684254304 and parameters: {'beta': 1.60288399580502, 'dim': 260, 'lam': 0.00010415617153436115}. Best is trial 62 with value: 0.14552889250199955.
[I 2023-06-25 14:53:35,439] Trial 94 finished with value: 0.142953984279415 and parameters: {'beta': 1.9854089576365213, 'dim': 280, 'lam': 0.0001296035376994766}. Best is trial 62 with value: 0.14552889250199955.
[I 2023-06-25 14:53:50,897] Trial 95 finished with value: 0.14197624861555752 and parameters: {'beta': 0.9759564357998984, 'dim': 280, 'lam': 8.218673955190431e-05}. Best is trial 62 with value: 0.14552889250199955.
[I 2023-06-25 14:54:05,876] Trial 96 finished with value: 0.14106936005394735 and parameters: {'beta': 2.600457418497906, 'dim': 260, 'lam': 0.0001913467514253004}. Best is trial 62 with value: 0.14552889250199955.
[I 2023-06-25 14:54:21,375] Trial 97 finished with value: 0.14350411455688256 and parameters: {'beta': 0.9482343416072574, 'dim': 280, 'lam': 5.59376662406335e-05}. Best is trial 62 with value: 0.14552889250199955.
[I 2023-06-25 14:54:36,516] Trial 98 finished with value: 0.14316317577606208 and parameters: {'beta': 0.7671936950883572, 'dim': 260, 'lam': 0.0001299430195958921}. Best is trial 62 with value: 0.14552889250199955.
[I 2023-06-25 14:54:51,817] Trial 99 finished with value: 0.14225987325077896 and parameters: {'beta': 1.3184210333679685, 'dim': 280, 'lam': 8.69215133643558e-05}. Best is trial 62 with value: 0.14552889250199955.
[I 2023-06-25 14:54:51,818] A new study created in memory with name: no-name-8753fc55-946c-4cb4-a5a5-a56dad18bdf4
[I 2023-06-25 14:55:04,904] Trial 0 finished with value: 0.1298459674809979 and parameters: {'beta': 0.1697018518226633, 'dim': 140, 'lam': 3.88445170566094e-05}. Best is trial 0 with value: 0.1298459674809979.
[I 2023-06-25 14:55:17,793] Trial 1 finished with value: 0.1256526907478168 and parameters: {'beta': 2.4741378506720504, 'dim': 140, 'lam': 3.450269347400235e-06}. Best is trial 0 with value: 0.1298459674809979.
[I 2023-06-25 14:55:33,302] Trial 2 finished with value: 0.13523828312818037 and parameters: {'beta': 1.1664916901869617, 'dim': 280, 'lam': 2.6995976183298736e-06}. Best is trial 2 with value: 0.13523828312818037.
[I 2023-06-25 14:55:46,190] Trial 3 finished with value: 0.12653429766156693 and parameters: {'beta': 0.06497539237960634, 'dim': 140, 'lam': 1.8393106916223642e-07}. Best is trial 2 with value: 0.13523828312818037.
[I 2023-06-25 14:55:59,307] Trial 4 finished with value: 0.12691589101716766 and parameters: {'beta': 0.0376552460251674, 'dim': 140, 'lam': 0.0003786060631461745}. Best is trial 2 with value: 0.13523828312818037.
[I 2023-06-25 14:56:13,575] Trial 5 finished with value: 0.12828921640489682 and parameters: {'beta': 0.05386394392035886, 'dim': 220, 'lam': 0.0003124320285442276}. Best is trial 2 with value: 0.13523828312818037.
[I 2023-06-25 14:56:26,059] Trial 6 finished with value: 0.12815281031322617 and parameters: {'beta': 7.896865044023017, 'dim': 100, 'lam': 1.4602705266998571e-07}. Best is trial 2 with value: 0.13523828312818037.
[I 2023-06-25 14:56:39,115] Trial 7 finished with value: 0.12784246441504482 and parameters: {'beta': 0.021303654150190008, 'dim': 140, 'lam': 2.540421545858353e-05}. Best is trial 2 with value: 0.13523828312818037.
[I 2023-06-25 14:56:53,121] Trial 8 finished with value: 0.1277556357317387 and parameters: {'beta': 0.10522230302550413, 'dim': 200, 'lam': 1.9824182654389215e-05}. Best is trial 2 with value: 0.13523828312818037.
[I 2023-06-25 14:57:05,551] Trial 9 finished with value: 0.1272891428658941 and parameters: {'beta': 0.0233312846394067, 'dim': 100, 'lam': 4.001647749477645e-06}. Best is trial 2 with value: 0.13523828312818037.
[I 2023-06-25 14:57:21,256] Trial 10 finished with value: 0.1271958706838905 and parameters: {'beta': 0.7076333360943948, 'dim': 300, 'lam': 1.0166934635071722e-06}. Best is trial 2 with value: 0.13523828312818037.
[I 2023-06-25 14:57:37,151] Trial 11 finished with value: 0.13222281653048962 and parameters: {'beta': 0.36094926161776875, 'dim': 300, 'lam': 8.292476316294727e-05}. Best is trial 2 with value: 0.13523828312818037.
[I 2023-06-25 14:57:52,878] Trial 12 finished with value: 0.1330393428039367 and parameters: {'beta': 0.45989018730904024, 'dim': 300, 'lam': 8.923578494277757e-05}. Best is trial 2 with value: 0.13523828312818037.
[I 2023-06-25 14:58:08,052] Trial 13 finished with value: 0.13543894385525154 and parameters: {'beta': 0.8578184467236835, 'dim': 260, 'lam': 0.0009043460458592527}. Best is trial 13 with value: 0.13543894385525154.
[I 2023-06-25 14:58:23,057] Trial 14 finished with value: 0.13544447256609995 and parameters: {'beta': 1.2961147091346286, 'dim': 260, 'lam': 0.0006439155265958805}. Best is trial 14 with value: 0.13544447256609995.
[I 2023-06-25 14:58:37,888] Trial 15 finished with value: 0.12526744510292 and parameters: {'beta': 1.6594882391868744, 'dim': 240, 'lam': 0.0007739738049909386}. Best is trial 14 with value: 0.13544447256609995.
[I 2023-06-25 14:58:53,035] Trial 16 finished with value: 0.13097162538217882 and parameters: {'beta': 0.21601110548017916, 'dim': 260, 'lam': 0.0009096555769890058}. Best is trial 14 with value: 0.13544447256609995.
[I 2023-06-25 14:59:07,054] Trial 17 finished with value: 0.13081954843416538 and parameters: {'beta': 3.854361698403568, 'dim': 200, 'lam': 0.00020177179423377706}. Best is trial 14 with value: 0.13544447256609995.
[I 2023-06-25 14:59:22,198] Trial 18 finished with value: 0.12915333705658408 and parameters: {'beta': 0.8111733117492501, 'dim': 260, 'lam': 0.0009948075899712271}. Best is trial 14 with value: 0.13544447256609995.
[I 2023-06-25 14:59:36,851] Trial 19 finished with value: 0.13435471554391354 and parameters: {'beta': 0.5147693710921231, 'dim': 240, 'lam': 0.0001518150127438087}. Best is trial 14 with value: 0.13544447256609995.
[I 2023-06-25 14:59:50,662] Trial 20 finished with value: 0.12948212786846944 and parameters: {'beta': 1.3066271571340127, 'dim': 180, 'lam': 0.00042818470440890406}. Best is trial 14 with value: 0.13544447256609995.
[I 2023-06-25 15:00:06,046] Trial 21 finished with value: 0.13513182068630866 and parameters: {'beta': 0.9405232603730153, 'dim': 280, 'lam': 5.763284894021088e-05}. Best is trial 14 with value: 0.13544447256609995.
[I 2023-06-25 15:00:21,172] Trial 22 finished with value: 0.1331875835225191 and parameters: {'beta': 2.034785981840992, 'dim': 260, 'lam': 0.00015302949777580913}. Best is trial 14 with value: 0.13544447256609995.
[I 2023-06-25 15:00:36,525] Trial 23 finished with value: 0.13474711363510933 and parameters: {'beta': 1.2098490316223536, 'dim': 280, 'lam': 7.853159761853072e-06}. Best is trial 14 with value: 0.13544447256609995.
[I 2023-06-25 15:00:51,385] Trial 24 finished with value: 0.12843390579867617 and parameters: {'beta': 3.182274528690431, 'dim': 240, 'lam': 0.0004671705476489254}. Best is trial 14 with value: 0.13544447256609995.
[I 2023-06-25 15:01:06,704] Trial 25 finished with value: 0.13092566354702986 and parameters: {'beta': 0.26567619353572575, 'dim': 280, 'lam': 0.000156792498430173}. Best is trial 14 with value: 0.13544447256609995.
[I 2023-06-25 15:01:21,189] Trial 26 finished with value: 0.13439577549280018 and parameters: {'beta': 0.6328710841233127, 'dim': 220, 'lam': 1.8156797922453432e-05}. Best is trial 14 with value: 0.13544447256609995.
[I 2023-06-25 15:01:36,676] Trial 27 finished with value: 0.13261591798796182 and parameters: {'beta': 1.257287536375583, 'dim': 280, 'lam': 4.7586793351536926e-05}. Best is trial 14 with value: 0.13544447256609995.
[I 2023-06-25 15:01:51,665] Trial 28 finished with value: 0.13159467600875563 and parameters: {'beta': 4.624351202351477, 'dim': 260, 'lam': 0.0005246870193881994}. Best is trial 14 with value: 0.13544447256609995.
[I 2023-06-25 15:02:06,021] Trial 29 finished with value: 0.12878303496750285 and parameters: {'beta': 0.3525297481710363, 'dim': 220, 'lam': 0.0002818137898078256}. Best is trial 14 with value: 0.13544447256609995.
[I 2023-06-25 15:02:19,616] Trial 30 finished with value: 0.12497203657004818 and parameters: {'beta': 1.890819927353583, 'dim': 180, 'lam': 0.000606411451713472}. Best is trial 14 with value: 0.13544447256609995.
[I 2023-06-25 15:02:35,250] Trial 31 finished with value: 0.13159189011266884 and parameters: {'beta': 0.8117837394591165, 'dim': 280, 'lam': 0.0009329583422213566}. Best is trial 14 with value: 0.13544447256609995.
[I 2023-06-25 15:02:50,508] Trial 32 finished with value: 0.13063942049906568 and parameters: {'beta': 1.0263370319499256, 'dim': 280, 'lam': 6.073862534593994e-05}. Best is trial 14 with value: 0.13544447256609995.
[I 2023-06-25 15:03:06,464] Trial 33 finished with value: 0.1308457160232317 and parameters: {'beta': 2.504875721921974, 'dim': 300, 'lam': 9.655214093867544e-05}. Best is trial 14 with value: 0.13544447256609995.
[I 2023-06-25 15:03:21,510] Trial 34 finished with value: 0.1354012396602389 and parameters: {'beta': 0.49247397180036473, 'dim': 260, 'lam': 3.5744832200176706e-05}. Best is trial 14 with value: 0.13544447256609995.
[I 2023-06-25 15:03:36,363] Trial 35 finished with value: 0.13536250116083942 and parameters: {'beta': 0.16469022282651083, 'dim': 240, 'lam': 0.00025407168943867447}. Best is trial 14 with value: 0.13544447256609995.
[I 2023-06-25 15:03:51,186] Trial 36 finished with value: 0.1306675679912375 and parameters: {'beta': 0.20904688341373434, 'dim': 240, 'lam': 0.0002868231125434411}. Best is trial 14 with value: 0.13544447256609995.
[I 2023-06-25 15:04:06,242] Trial 37 finished with value: 0.12954104369388603 and parameters: {'beta': 0.4578759385587522, 'dim': 260, 'lam': 0.0002739890824625575}. Best is trial 14 with value: 0.13544447256609995.
[I 2023-06-25 15:04:21,043] Trial 38 finished with value: 0.13300946069980052 and parameters: {'beta': 0.11978430953686627, 'dim': 240, 'lam': 0.0004765259895672129}. Best is trial 14 with value: 0.13544447256609995.
[I 2023-06-25 15:04:35,316] Trial 39 finished with value: 0.12648929679460766 and parameters: {'beta': 0.15776932972489877, 'dim': 220, 'lam': 0.0006644916472150242}. Best is trial 14 with value: 0.13544447256609995.
[I 2023-06-25 15:04:50,451] Trial 40 finished with value: 0.13680481021319615 and parameters: {'beta': 0.2826915417104963, 'dim': 260, 'lam': 2.9105147673235202e-05}. Best is trial 40 with value: 0.13680481021319615.
[I 2023-06-25 15:05:05,461] Trial 41 finished with value: 0.13153494653414796 and parameters: {'beta': 0.3055468758747493, 'dim': 260, 'lam': 3.2403713443894255e-05}. Best is trial 40 with value: 0.13680481021319615.
[I 2023-06-25 15:05:20,222] Trial 42 finished with value: 0.12854990850965547 and parameters: {'beta': 0.627846825728382, 'dim': 240, 'lam': 3.3777334824532377e-05}. Best is trial 40 with value: 0.13680481021319615.
[I 2023-06-25 15:05:34,241] Trial 43 finished with value: 0.13141892331808933 and parameters: {'beta': 0.1693743304570322, 'dim': 200, 'lam': 0.000224644384837741}. Best is trial 40 with value: 0.13680481021319615.
[I 2023-06-25 15:05:49,412] Trial 44 finished with value: 0.13494395765185857 and parameters: {'beta': 0.0879654776846505, 'dim': 260, 'lam': 0.0003648489289388468}. Best is trial 40 with value: 0.13680481021319615.
[I 2023-06-25 15:06:03,820] Trial 45 finished with value: 0.12982010761835627 and parameters: {'beta': 0.4099548830344278, 'dim': 220, 'lam': 1.4491907054531668e-05}. Best is trial 40 with value: 0.13680481021319615.
[I 2023-06-25 15:06:18,843] Trial 46 finished with value: 0.13038634565199242 and parameters: {'beta': 0.26343888419813544, 'dim': 260, 'lam': 0.0001117941236115951}. Best is trial 40 with value: 0.13680481021319615.
[I 2023-06-25 15:06:33,657] Trial 47 finished with value: 0.12947405820655442 and parameters: {'beta': 0.5563388436190401, 'dim': 240, 'lam': 3.4607448432861064e-05}. Best is trial 40 with value: 0.13680481021319615.
[I 2023-06-25 15:06:49,304] Trial 48 finished with value: 0.1351774170896556 and parameters: {'beta': 0.010310566598923624, 'dim': 300, 'lam': 7.031869836227191e-05}. Best is trial 40 with value: 0.13680481021319615.
[I 2023-06-25 15:07:04,160] Trial 49 finished with value: 0.1286781189118907 and parameters: {'beta': 0.7599181809684573, 'dim': 240, 'lam': 0.000655807348055025}. Best is trial 40 with value: 0.13680481021319615.
[I 2023-06-25 15:07:19,140] Trial 50 finished with value: 0.13493524222861603 and parameters: {'beta': 0.32789696034243987, 'dim': 260, 'lam': 0.00036723834838685787}. Best is trial 40 with value: 0.13680481021319615.
[I 2023-06-25 15:07:34,792] Trial 51 finished with value: 0.1324125865056858 and parameters: {'beta': 0.48556771491007245, 'dim': 280, 'lam': 1.4917068854512332e-06}. Best is trial 40 with value: 0.13680481021319615.
[I 2023-06-25 15:07:50,034] Trial 52 finished with value: 0.13005317833895352 and parameters: {'beta': 1.4812421046251127, 'dim': 280, 'lam': 9.290614597362558e-06}. Best is trial 40 with value: 0.13680481021319615.
[I 2023-06-25 15:08:05,997] Trial 53 finished with value: 0.12963291238448382 and parameters: {'beta': 0.8836777651617708, 'dim': 300, 'lam': 2.319537374506837e-05}. Best is trial 40 with value: 0.13680481021319615.
[I 2023-06-25 15:08:20,923] Trial 54 finished with value: 0.13260947384233773 and parameters: {'beta': 1.0576363290679327, 'dim': 260, 'lam': 4.450736144634346e-05}. Best is trial 40 with value: 0.13680481021319615.
[I 2023-06-25 15:08:33,716] Trial 55 finished with value: 0.12560248764366103 and parameters: {'beta': 1.537653968977192, 'dim': 120, 'lam': 6.284463747619005e-06}. Best is trial 40 with value: 0.13680481021319615.
[I 2023-06-25 15:08:49,173] Trial 56 finished with value: 0.12907268548475265 and parameters: {'beta': 0.69004614772229, 'dim': 280, 'lam': 0.00011828283172413674}. Best is trial 40 with value: 0.13680481021319615.
[I 2023-06-25 15:09:04,210] Trial 57 finished with value: 0.13183268454498429 and parameters: {'beta': 0.3914112060701436, 'dim': 260, 'lam': 0.0009963141229791404}. Best is trial 40 with value: 0.13680481021319615.
[I 2023-06-25 15:09:18,960] Trial 58 finished with value: 0.13370054615993782 and parameters: {'beta': 0.5740965419069998, 'dim': 240, 'lam': 1.4869290525151118e-05}. Best is trial 40 with value: 0.13680481021319615.
[I 2023-06-25 15:09:34,687] Trial 59 finished with value: 0.13212715155503607 and parameters: {'beta': 1.1312780060334067, 'dim': 300, 'lam': 0.00018769102656736945}. Best is trial 40 with value: 0.13680481021319615.
[I 2023-06-25 15:09:50,172] Trial 60 finished with value: 0.12885749232554308 and parameters: {'beta': 0.21265762335856706, 'dim': 280, 'lam': 7.943540776388441e-05}. Best is trial 40 with value: 0.13680481021319615.
[I 2023-06-25 15:10:05,861] Trial 61 finished with value: 0.13692735171682544 and parameters: {'beta': 0.033722827492140214, 'dim': 300, 'lam': 5.6482321079603164e-05}. Best is trial 61 with value: 0.13692735171682544.
[I 2023-06-25 15:10:21,761] Trial 62 finished with value: 0.13347147356023556 and parameters: {'beta': 0.05135727177343946, 'dim': 300, 'lam': 2.6230181883485643e-05}. Best is trial 61 with value: 0.13692735171682544.
[I 2023-06-25 15:10:37,063] Trial 63 finished with value: 0.12862725718079168 and parameters: {'beta': 0.05694649486976091, 'dim': 280, 'lam': 5.057490944496548e-05}. Best is trial 61 with value: 0.13692735171682544.
[I 2023-06-25 15:10:50,459] Trial 64 finished with value: 0.12941427238761488 and parameters: {'beta': 0.033138328597122034, 'dim': 160, 'lam': 0.0007121297924165073}. Best is trial 61 with value: 0.13692735171682544.
[I 2023-06-25 15:11:06,312] Trial 65 finished with value: 0.13081148411485927 and parameters: {'beta': 0.9270569546119113, 'dim': 300, 'lam': 0.0005126391689212652}. Best is trial 61 with value: 0.13692735171682544.
[I 2023-06-25 15:11:21,279] Trial 66 finished with value: 0.13263598353721368 and parameters: {'beta': 0.72509551255828, 'dim': 260, 'lam': 6.120847728763158e-05}. Best is trial 61 with value: 0.13692735171682544.
[I 2023-06-25 15:11:36,712] Trial 67 finished with value: 0.13099346318725041 and parameters: {'beta': 0.5136508408621817, 'dim': 280, 'lam': 0.00014268340180214812}. Best is trial 61 with value: 0.13692735171682544.
[I 2023-06-25 15:11:51,703] Trial 68 finished with value: 0.13722636958710968 and parameters: {'beta': 0.0760097665910945, 'dim': 260, 'lam': 0.00038457501694312855}. Best is trial 68 with value: 0.13722636958710968.
[I 2023-06-25 15:12:06,215] Trial 69 finished with value: 0.13009487021247107 and parameters: {'beta': 0.12975389483209165, 'dim': 220, 'lam': 0.00039907550993077}. Best is trial 68 with value: 0.13722636958710968.
[I 2023-06-25 15:12:20,851] Trial 70 finished with value: 0.1327898756314942 and parameters: {'beta': 0.08700664671415065, 'dim': 240, 'lam': 0.00026411407322339336}. Best is trial 68 with value: 0.13722636958710968.
[I 2023-06-25 15:12:35,963] Trial 71 finished with value: 0.1323192539754865 and parameters: {'beta': 1.3843460755010049, 'dim': 260, 'lam': 0.0007762999835951236}. Best is trial 68 with value: 0.13722636958710968.
[I 2023-06-25 15:12:51,236] Trial 72 finished with value: 0.1337610838432042 and parameters: {'beta': 0.2634673008839319, 'dim': 280, 'lam': 0.00019117659582691305}. Best is trial 68 with value: 0.13722636958710968.
[I 2023-06-25 15:13:06,939] Trial 73 finished with value: 0.13140288012549456 and parameters: {'beta': 0.4118413926083046, 'dim': 260, 'lam': 0.00034577585962831643}. Best is trial 68 with value: 0.13722636958710968.
[I 2023-06-25 15:13:22,272] Trial 74 finished with value: 0.13615356403755546 and parameters: {'beta': 1.9474892184609003, 'dim': 280, 'lam': 0.0004963254661951906}. Best is trial 68 with value: 0.13722636958710968.
[I 2023-06-25 15:13:37,398] Trial 75 finished with value: 0.13164752977194347 and parameters: {'beta': 1.9178721894013009, 'dim': 260, 'lam': 0.0004965190611165552}. Best is trial 68 with value: 0.13722636958710968.
[I 2023-06-25 15:13:52,215] Trial 76 finished with value: 0.1343738202916187 and parameters: {'beta': 2.3622836983433295, 'dim': 240, 'lam': 0.000588477939388051}. Best is trial 68 with value: 0.13722636958710968.
[I 2023-06-25 15:14:07,571] Trial 77 finished with value: 0.1329409314376791 and parameters: {'beta': 0.14374610117825415, 'dim': 280, 'lam': 0.00022489736639715594}. Best is trial 68 with value: 0.13722636958710968.
[I 2023-06-25 15:14:22,713] Trial 78 finished with value: 0.1289148201453783 and parameters: {'beta': 0.18218842947662645, 'dim': 260, 'lam': 0.0003121831449175141}. Best is trial 68 with value: 0.13722636958710968.
[I 2023-06-25 15:14:38,402] Trial 79 finished with value: 0.137588410780995 and parameters: {'beta': 0.08975825902603263, 'dim': 300, 'lam': 0.0004681447213568497}. Best is trial 79 with value: 0.137588410780995.
[I 2023-06-25 15:14:54,279] Trial 80 finished with value: 0.1371721367135889 and parameters: {'beta': 0.09856078479471372, 'dim': 300, 'lam': 0.000756076304543631}. Best is trial 79 with value: 0.137588410780995.
[I 2023-06-25 15:15:09,913] Trial 81 finished with value: 0.13472436109652097 and parameters: {'beta': 0.08540800541137512, 'dim': 300, 'lam': 0.0007736924112504411}. Best is trial 79 with value: 0.137588410780995.
[I 2023-06-25 15:15:25,830] Trial 82 finished with value: 0.13331967458936128 and parameters: {'beta': 0.10240875158074408, 'dim': 300, 'lam': 0.0005788331834664545}. Best is trial 79 with value: 0.137588410780995.
[I 2023-06-25 15:15:41,489] Trial 83 finished with value: 0.13393505912506892 and parameters: {'beta': 0.07042161568942995, 'dim': 300, 'lam': 0.0004112664312883071}. Best is trial 79 with value: 0.137588410780995.
[I 2023-06-25 15:15:56,980] Trial 84 finished with value: 0.13095562784540737 and parameters: {'beta': 0.1050271276328379, 'dim': 280, 'lam': 0.0009306764602307966}. Best is trial 79 with value: 0.137588410780995.
[I 2023-06-25 15:16:12,839] Trial 85 finished with value: 0.13411392919640353 and parameters: {'beta': 0.042155601907558383, 'dim': 300, 'lam': 0.000799278171019721}. Best is trial 79 with value: 0.137588410780995.
[I 2023-06-25 15:16:28,191] Trial 86 finished with value: 0.13240092258162453 and parameters: {'beta': 0.0678050210921028, 'dim': 280, 'lam': 0.000451753529087012}. Best is trial 79 with value: 0.137588410780995.
[I 2023-06-25 15:16:44,066] Trial 87 finished with value: 0.13385069895679638 and parameters: {'beta': 0.1297887713576631, 'dim': 300, 'lam': 0.0003111593212733842}. Best is trial 79 with value: 0.137588410780995.
[I 2023-06-25 15:16:59,843] Trial 88 finished with value: 0.13353367020108525 and parameters: {'beta': 1.0074727950051525, 'dim': 300, 'lam': 0.0006902836639249187}. Best is trial 79 with value: 0.137588410780995.
[I 2023-06-25 15:17:15,393] Trial 89 finished with value: 0.13390053525173234 and parameters: {'beta': 1.237071786388912, 'dim': 280, 'lam': 0.0005423315660866296}. Best is trial 79 with value: 0.137588410780995.
[I 2023-06-25 15:17:30,762] Trial 90 finished with value: 0.13806433411685853 and parameters: {'beta': 0.2983100438948401, 'dim': 280, 'lam': 0.000370168069845634}. Best is trial 90 with value: 0.13806433411685853.
[I 2023-06-25 15:17:46,211] Trial 91 finished with value: 0.13273899539954517 and parameters: {'beta': 0.30291344808759757, 'dim': 280, 'lam': 0.0004362230955202892}. Best is trial 90 with value: 0.13806433411685853.
[I 2023-06-25 15:18:01,883] Trial 92 finished with value: 0.13406120625363543 and parameters: {'beta': 0.19087375032185241, 'dim': 300, 'lam': 0.0006385555855189615}. Best is trial 90 with value: 0.13806433411685853.
[I 2023-06-25 15:18:17,009] Trial 93 finished with value: 0.13167100826285602 and parameters: {'beta': 0.1521168448035195, 'dim': 260, 'lam': 0.0003698933778612528}. Best is trial 90 with value: 0.13806433411685853.
[I 2023-06-25 15:18:32,476] Trial 94 finished with value: 0.1333913213778947 and parameters: {'beta': 0.22512807044346886, 'dim': 280, 'lam': 0.0009967848730391166}. Best is trial 90 with value: 0.13806433411685853.
[I 2023-06-25 15:18:48,177] Trial 95 finished with value: 0.13236842317491299 and parameters: {'beta': 0.6141892928738691, 'dim': 300, 'lam': 0.0002330882036619302}. Best is trial 90 with value: 0.13806433411685853.
[I 2023-06-25 15:19:03,663] Trial 96 finished with value: 0.13629233985746433 and parameters: {'beta': 0.36048542633258274, 'dim': 280, 'lam': 3.968618432992407e-05}. Best is trial 90 with value: 0.13806433411685853.
[I 2023-06-25 15:19:19,025] Trial 97 finished with value: 0.13166125930345546 and parameters: {'beta': 0.30149217888223323, 'dim': 280, 'lam': 0.0003153153283531831}. Best is trial 90 with value: 0.13806433411685853.
[I 2023-06-25 15:19:34,814] Trial 98 finished with value: 0.13583985831558285 and parameters: {'beta': 0.38922325508632416, 'dim': 300, 'lam': 0.000552831966938737}. Best is trial 90 with value: 0.13806433411685853.
[I 2023-06-25 15:19:50,489] Trial 99 finished with value: 0.1324839910198553 and parameters: {'beta': 0.4295785348873928, 'dim': 300, 'lam': 0.00016818339123984851}. Best is trial 90 with value: 0.13806433411685853.
[I 2023-06-25 15:19:50,489] A new study created in memory with name: no-name-e8c1b69b-9ff2-49d5-9292-1250b8711b5f
[I 2023-06-25 15:20:06,085] Trial 0 finished with value: 0.08069193562214579 and parameters: {'beta': 1.4483723754849536, 'dim': 280, 'lam': 1.6723237533093142e-05}. Best is trial 0 with value: 0.08069193562214579.
[I 2023-06-25 15:20:20,432] Trial 1 finished with value: 0.07449585629225788 and parameters: {'beta': 0.8659798285753805, 'dim': 220, 'lam': 0.00022091733024934415}. Best is trial 0 with value: 0.08069193562214579.
[I 2023-06-25 15:20:33,263] Trial 2 finished with value: 0.07692707614786479 and parameters: {'beta': 0.06864003903780938, 'dim': 120, 'lam': 1.8604382816454745e-05}. Best is trial 0 with value: 0.08069193562214579.
[I 2023-06-25 15:20:48,227] Trial 3 finished with value: 0.08182163558036507 and parameters: {'beta': 0.06643391633183411, 'dim': 260, 'lam': 2.0139964471110067e-07}. Best is trial 3 with value: 0.08182163558036507.
[I 2023-06-25 15:21:01,048] Trial 4 finished with value: 0.08238372521032165 and parameters: {'beta': 2.8101578124932693, 'dim': 120, 'lam': 0.0008576422907313289}. Best is trial 4 with value: 0.08238372521032165.
[I 2023-06-25 15:21:13,505] Trial 5 finished with value: 0.07967244268957432 and parameters: {'beta': 0.24328747578531743, 'dim': 100, 'lam': 3.0072185259656806e-06}. Best is trial 4 with value: 0.08238372521032165.
[I 2023-06-25 15:21:26,469] Trial 6 finished with value: 0.07633919527289199 and parameters: {'beta': 2.203962497126262, 'dim': 140, 'lam': 1.6812175072240517e-07}. Best is trial 4 with value: 0.08238372521032165.
[I 2023-06-25 15:21:38,933] Trial 7 finished with value: 0.07140212599356403 and parameters: {'beta': 3.4307192885379116, 'dim': 100, 'lam': 6.907616516810639e-06}. Best is trial 4 with value: 0.08238372521032165.
[I 2023-06-25 15:21:51,608] Trial 8 finished with value: 0.07595879512340921 and parameters: {'beta': 0.07449778479886296, 'dim': 120, 'lam': 4.78546589366326e-05}. Best is trial 4 with value: 0.08238372521032165.
[I 2023-06-25 15:22:04,347] Trial 9 finished with value: 0.08232394997363954 and parameters: {'beta': 0.05726260962865593, 'dim': 120, 'lam': 0.0008336219012261189}. Best is trial 4 with value: 0.08238372521032165.
[I 2023-06-25 15:22:18,057] Trial 10 finished with value: 0.0812167637180751 and parameters: {'beta': 9.211356013601135, 'dim': 180, 'lam': 0.000789498867775167}. Best is trial 4 with value: 0.08238372521032165.
[I 2023-06-25 15:22:31,513] Trial 11 finished with value: 0.08241921598615651 and parameters: {'beta': 0.013298715209031454, 'dim': 160, 'lam': 0.0007682500220692213}. Best is trial 11 with value: 0.08241921598615651.
[I 2023-06-25 15:22:45,221] Trial 12 finished with value: 0.07533341947846559 and parameters: {'beta': 0.012397592165068472, 'dim': 180, 'lam': 0.00016909613419882424}. Best is trial 11 with value: 0.08241921598615651.
[I 2023-06-25 15:22:58,710] Trial 13 finished with value: 0.07441186301134983 and parameters: {'beta': 0.5259043554111801, 'dim': 160, 'lam': 0.0008969611237384436}. Best is trial 11 with value: 0.08241921598615651.
[I 2023-06-25 15:23:13,164] Trial 14 finished with value: 0.07705044161198901 and parameters: {'beta': 0.01057747387939925, 'dim': 220, 'lam': 0.00017259076407212463}. Best is trial 11 with value: 0.08241921598615651.
[I 2023-06-25 15:23:26,476] Trial 15 finished with value: 0.07684240387445945 and parameters: {'beta': 0.30304819590594295, 'dim': 160, 'lam': 0.00028003601383316373}. Best is trial 11 with value: 0.08241921598615651.
[I 2023-06-25 15:23:40,676] Trial 16 finished with value: 0.07802662298388344 and parameters: {'beta': 4.838350425249914, 'dim': 200, 'lam': 7.275199887980459e-05}. Best is trial 11 with value: 0.08241921598615651.
[I 2023-06-25 15:23:53,653] Trial 17 finished with value: 0.08029552186143321 and parameters: {'beta': 9.293353130037247, 'dim': 140, 'lam': 0.00043564882381406727}. Best is trial 11 with value: 0.08241921598615651.
[I 2023-06-25 15:24:08,583] Trial 18 finished with value: 0.07786310625507634 and parameters: {'beta': 1.1687089097101018, 'dim': 240, 'lam': 0.00097096612252591}. Best is trial 11 with value: 0.08241921598615651.
[I 2023-06-25 15:24:21,878] Trial 19 finished with value: 0.07413197596878168 and parameters: {'beta': 0.1783938848182525, 'dim': 160, 'lam': 6.910847036448269e-05}. Best is trial 11 with value: 0.08241921598615651.
[I 2023-06-25 15:24:34,981] Trial 20 finished with value: 0.07557108390753815 and parameters: {'beta': 0.6757122907043832, 'dim': 140, 'lam': 9.48830377234277e-05}. Best is trial 11 with value: 0.08241921598615651.
[I 2023-06-25 15:24:47,616] Trial 21 finished with value: 0.07867449064443786 and parameters: {'beta': 0.024176211146873898, 'dim': 120, 'lam': 0.0003908087101065781}. Best is trial 11 with value: 0.08241921598615651.
[I 2023-06-25 15:25:00,163] Trial 22 finished with value: 0.08171636942243994 and parameters: {'beta': 0.035836335293987186, 'dim': 100, 'lam': 0.0004556750177208682}. Best is trial 11 with value: 0.08241921598615651.
[I 2023-06-25 15:25:14,024] Trial 23 finished with value: 0.07383748271537507 and parameters: {'beta': 0.021557650633211484, 'dim': 180, 'lam': 0.0008584360395289879}. Best is trial 11 with value: 0.08241921598615651.
[I 2023-06-25 15:25:27,020] Trial 24 finished with value: 0.08294544023298486 and parameters: {'beta': 0.1407582832866675, 'dim': 140, 'lam': 0.00047185496110573657}. Best is trial 24 with value: 0.08294544023298486.
[I 2023-06-25 15:25:40,133] Trial 25 finished with value: 0.0766577493123229 and parameters: {'beta': 0.12344560818765082, 'dim': 140, 'lam': 0.00038388663946648796}. Best is trial 24 with value: 0.08294544023298486.
[I 2023-06-25 15:25:53,455] Trial 26 finished with value: 0.07577945056358644 and parameters: {'beta': 0.49628040038161564, 'dim': 160, 'lam': 0.00012551590722617025}. Best is trial 24 with value: 0.08294544023298486.
[I 2023-06-25 15:26:07,660] Trial 27 finished with value: 0.07490524046945092 and parameters: {'beta': 0.1329887202451888, 'dim': 200, 'lam': 0.00023672151948038992}. Best is trial 24 with value: 0.08294544023298486.
[I 2023-06-25 15:26:21,360] Trial 28 finished with value: 0.07582436240298127 and parameters: {'beta': 0.3484288520070697, 'dim': 180, 'lam': 0.0004618206142527841}. Best is trial 24 with value: 0.08294544023298486.
[I 2023-06-25 15:26:37,308] Trial 29 finished with value: 0.0723756749110427 and parameters: {'beta': 1.3046557254840538, 'dim': 300, 'lam': 0.00012582954369274763}. Best is trial 24 with value: 0.08294544023298486.
[I 2023-06-25 15:26:50,241] Trial 30 finished with value: 0.07465917571763958 and parameters: {'beta': 1.916579687571918, 'dim': 140, 'lam': 3.612763105377813e-05}. Best is trial 24 with value: 0.08294544023298486.
[I 2023-06-25 15:27:03,088] Trial 31 finished with value: 0.074260247674304 and parameters: {'beta': 0.042107699142946556, 'dim': 120, 'lam': 0.0005341162894515787}. Best is trial 24 with value: 0.08294544023298486.
[I 2023-06-25 15:27:15,697] Trial 32 finished with value: 0.07879038290474667 and parameters: {'beta': 0.17697537282773074, 'dim': 120, 'lam': 0.0002688247938749181}. Best is trial 24 with value: 0.08294544023298486.
[I 2023-06-25 15:27:28,244] Trial 33 finished with value: 0.07954973607236233 and parameters: {'beta': 0.0752047644197028, 'dim': 100, 'lam': 0.0009658658092466892}. Best is trial 24 with value: 0.08294544023298486.
[I 2023-06-25 15:27:41,001] Trial 34 finished with value: 0.07443678923810902 and parameters: {'beta': 0.10971314669470261, 'dim': 120, 'lam': 0.00025610571055620655}. Best is trial 24 with value: 0.08294544023298486.
[I 2023-06-25 15:27:54,380] Trial 35 finished with value: 0.08383749784083419 and parameters: {'beta': 0.05445263424168519, 'dim': 160, 'lam': 0.000659908702409058}. Best is trial 35 with value: 0.08383749784083419.
[I 2023-06-25 15:28:07,846] Trial 36 finished with value: 0.07943154019268264 and parameters: {'beta': 0.016000500423566377, 'dim': 160, 'lam': 0.0005220047732068609}. Best is trial 35 with value: 0.08383749784083419.
[I 2023-06-25 15:28:20,796] Trial 37 finished with value: 0.07056170706692155 and parameters: {'beta': 0.026093751007897948, 'dim': 140, 'lam': 0.00020830380025163515}. Best is trial 35 with value: 0.08383749784083419.
[I 2023-06-25 15:28:34,998] Trial 38 finished with value: 0.07218473399839516 and parameters: {'beta': 0.04725197116504542, 'dim': 200, 'lam': 0.0005632682357498163}. Best is trial 35 with value: 0.08383749784083419.
[I 2023-06-25 15:28:49,347] Trial 39 finished with value: 0.0803212397425851 and parameters: {'beta': 0.016322713239105287, 'dim': 220, 'lam': 0.00014949172736871013}. Best is trial 35 with value: 0.08383749784083419.
[I 2023-06-25 15:29:02,808] Trial 40 finished with value: 0.07757825160948188 and parameters: {'beta': 0.029379970691355208, 'dim': 160, 'lam': 0.00031057538040510986}. Best is trial 35 with value: 0.08383749784083419.
[I 2023-06-25 15:29:15,413] Trial 41 finished with value: 0.07183473394938533 and parameters: {'beta': 0.05666403110714591, 'dim': 120, 'lam': 0.0006523511848926529}. Best is trial 35 with value: 0.08383749784083419.
[I 2023-06-25 15:29:27,888] Trial 42 finished with value: 0.07397617553094209 and parameters: {'beta': 0.0727949168177198, 'dim': 100, 'lam': 0.000674154830848001}. Best is trial 35 with value: 0.08383749784083419.
[I 2023-06-25 15:29:40,985] Trial 43 finished with value: 0.07741066009841405 and parameters: {'beta': 0.03994471918094926, 'dim': 140, 'lam': 0.0009699708292071527}. Best is trial 35 with value: 0.08383749784083419.
[I 2023-06-25 15:29:53,322] Trial 44 finished with value: 0.07402681601279262 and parameters: {'beta': 0.08937251910991013, 'dim': 100, 'lam': 0.00032047616776294713}. Best is trial 35 with value: 0.08383749784083419.
[I 2023-06-25 15:30:07,131] Trial 45 finished with value: 0.07424478671976878 and parameters: {'beta': 0.053537899526722596, 'dim': 180, 'lam': 0.0006313827068401178}. Best is trial 35 with value: 0.08383749784083419.
[I 2023-06-25 15:30:19,792] Trial 46 finished with value: 0.07827208751074197 and parameters: {'beta': 0.03323739485591719, 'dim': 120, 'lam': 0.00019928670821673058}. Best is trial 35 with value: 0.08383749784083419.
[I 2023-06-25 15:30:33,272] Trial 47 finished with value: 0.07600452650677672 and parameters: {'beta': 0.01045069957317766, 'dim': 160, 'lam': 0.0007015811724830711}. Best is trial 35 with value: 0.08383749784083419.
[I 2023-06-25 15:30:48,282] Trial 48 finished with value: 0.0798505250469999 and parameters: {'beta': 0.059603738376466354, 'dim': 260, 'lam': 0.0003304476358384589}. Best is trial 35 with value: 0.08383749784083419.
[I 2023-06-25 15:31:01,457] Trial 49 finished with value: 0.07438505700264372 and parameters: {'beta': 0.09481158382011398, 'dim': 140, 'lam': 1.1759038342179645e-05}. Best is trial 35 with value: 0.08383749784083419.
[I 2023-06-25 15:31:14,055] Trial 50 finished with value: 0.08105598557347046 and parameters: {'beta': 0.17482886376798157, 'dim': 120, 'lam': 0.0009831731831694633}. Best is trial 35 with value: 0.08383749784083419.
[I 2023-06-25 15:31:29,230] Trial 51 finished with value: 0.08133765193082113 and parameters: {'beta': 0.07457289911643464, 'dim': 260, 'lam': 4.200231118149165e-07}. Best is trial 35 with value: 0.08383749784083419.
[I 2023-06-25 15:31:44,774] Trial 52 finished with value: 0.07432499051216183 and parameters: {'beta': 0.05237152810320665, 'dim': 280, 'lam': 4.864946565245312e-06}. Best is trial 35 with value: 0.08383749784083419.
[I 2023-06-25 15:31:59,145] Trial 53 finished with value: 0.07146121794789914 and parameters: {'beta': 0.22778837378806405, 'dim': 220, 'lam': 1.4697882130365162e-06}. Best is trial 35 with value: 0.08383749784083419.
[I 2023-06-25 15:32:12,475] Trial 54 finished with value: 0.07328270628054327 and parameters: {'beta': 0.037321690053992974, 'dim': 140, 'lam': 3.02676425184908e-05}. Best is trial 35 with value: 0.08383749784083419.
[I 2023-06-25 15:32:27,417] Trial 55 finished with value: 0.07093316185122084 and parameters: {'beta': 0.09755123244838271, 'dim': 240, 'lam': 1.1405411248356986e-07}. Best is trial 35 with value: 0.08383749784083419.
[I 2023-06-25 15:32:41,287] Trial 56 finished with value: 0.07714882628822851 and parameters: {'beta': 0.12283322266556025, 'dim': 180, 'lam': 0.00042512106279648734}. Best is trial 35 with value: 0.08383749784083419.
[I 2023-06-25 15:32:57,071] Trial 57 finished with value: 0.07605296433077034 and parameters: {'beta': 0.022515896604647614, 'dim': 300, 'lam': 9.392401256766116e-05}. Best is trial 35 with value: 0.08383749784083419.
[I 2023-06-25 15:33:10,498] Trial 58 finished with value: 0.0729852161556323 and parameters: {'beta': 0.1445678018949849, 'dim': 160, 'lam': 0.0006892109362996327}. Best is trial 35 with value: 0.08383749784083419.
[I 2023-06-25 15:33:22,832] Trial 59 finished with value: 0.07782675147007638 and parameters: {'beta': 3.4066495389330713, 'dim': 100, 'lam': 0.00017998070628859886}. Best is trial 35 with value: 0.08383749784083419.
[I 2023-06-25 15:33:35,962] Trial 60 finished with value: 0.07813046839770058 and parameters: {'beta': 0.04295825978244855, 'dim': 140, 'lam': 0.00040617873226244804}. Best is trial 35 with value: 0.08383749784083419.
[I 2023-06-25 15:33:48,221] Trial 61 finished with value: 0.0764899305848624 and parameters: {'beta': 0.03127216592422005, 'dim': 100, 'lam': 0.0004968262216355365}. Best is trial 35 with value: 0.08383749784083419.
[I 2023-06-25 15:34:00,701] Trial 62 finished with value: 0.07666827091669544 and parameters: {'beta': 0.01802753164932153, 'dim': 100, 'lam': 0.00035737584881582264}. Best is trial 35 with value: 0.08383749784083419.
[I 2023-06-25 15:34:13,437] Trial 63 finished with value: 0.07798586573065747 and parameters: {'beta': 0.06484330704133254, 'dim': 120, 'lam': 0.0007618687095369897}. Best is trial 35 with value: 0.08383749784083419.
[I 2023-06-25 15:34:26,107] Trial 64 finished with value: 0.07621743852789536 and parameters: {'beta': 0.01365638171601728, 'dim': 120, 'lam': 0.00026139505642073884}. Best is trial 35 with value: 0.08383749784083419.
[I 2023-06-25 15:34:39,557] Trial 65 finished with value: 0.07742527067004931 and parameters: {'beta': 0.034039227392083427, 'dim': 160, 'lam': 0.0005134465343990695}. Best is trial 35 with value: 0.08383749784083419.
[I 2023-06-25 15:34:53,257] Trial 66 finished with value: 0.07793718742849529 and parameters: {'beta': 0.026452491009404392, 'dim': 180, 'lam': 0.0007539733402307433}. Best is trial 35 with value: 0.08383749784083419.
[I 2023-06-25 15:35:06,345] Trial 67 finished with value: 0.08192642483831855 and parameters: {'beta': 0.020335238480512063, 'dim': 140, 'lam': 0.00022415541465574106}. Best is trial 35 with value: 0.08383749784083419.
[I 2023-06-25 15:35:19,303] Trial 68 finished with value: 0.07543287429767144 and parameters: {'beta': 0.021511422069582172, 'dim': 140, 'lam': 0.00014974982530038282}. Best is trial 35 with value: 0.08383749784083419.
[I 2023-06-25 15:35:32,788] Trial 69 finished with value: 0.07594745265206009 and parameters: {'beta': 0.013155516867080814, 'dim': 160, 'lam': 0.0002223439029933944}. Best is trial 35 with value: 0.08383749784083419.
[I 2023-06-25 15:35:45,706] Trial 70 finished with value: 0.07457495551263202 and parameters: {'beta': 0.018974352554238134, 'dim': 140, 'lam': 0.0003644497902754579}. Best is trial 35 with value: 0.08383749784083419.
[I 2023-06-25 15:35:58,549] Trial 71 finished with value: 0.08059496891787268 and parameters: {'beta': 1.0104301562125955, 'dim': 120, 'lam': 0.0005460249010985261}. Best is trial 35 with value: 0.08383749784083419.
[I 2023-06-25 15:36:11,024] Trial 72 finished with value: 0.07504020060337357 and parameters: {'beta': 0.04475607051992443, 'dim': 100, 'lam': 0.0008289869383099036}. Best is trial 35 with value: 0.08383749784083419.
[I 2023-06-25 15:36:23,727] Trial 73 finished with value: 0.07722552273713876 and parameters: {'beta': 0.02825960143359925, 'dim': 120, 'lam': 0.0004886229434936414}. Best is trial 35 with value: 0.08383749784083419.
[I 2023-06-25 15:36:36,792] Trial 74 finished with value: 0.07634092296725101 and parameters: {'beta': 0.08320283217696399, 'dim': 140, 'lam': 0.0009650098155379863}. Best is trial 35 with value: 0.08383749784083419.
[I 2023-06-25 15:36:49,436] Trial 75 finished with value: 0.07389237033097536 and parameters: {'beta': 0.05270456589529757, 'dim': 120, 'lam': 0.0006219713625053696}. Best is trial 35 with value: 0.08383749784083419.
[I 2023-06-25 15:37:01,942] Trial 76 finished with value: 0.07657266314085773 and parameters: {'beta': 0.036656905293529135, 'dim': 100, 'lam': 0.0002973964685891161}. Best is trial 35 with value: 0.08383749784083419.
[I 2023-06-25 15:37:15,652] Trial 77 finished with value: 0.07911664977782347 and parameters: {'beta': 0.07026856739798981, 'dim': 180, 'lam': 0.00023388998219319116}. Best is trial 35 with value: 0.08383749784083419.
[I 2023-06-25 15:37:29,103] Trial 78 finished with value: 0.0749584819498823 and parameters: {'beta': 0.0217784973868698, 'dim': 160, 'lam': 0.0004241561457223235}. Best is trial 35 with value: 0.08383749784083419.
[I 2023-06-25 15:37:41,756] Trial 79 finished with value: 0.08352445010814118 and parameters: {'beta': 0.06170378785340932, 'dim': 120, 'lam': 0.0005951778968292825}. Best is trial 35 with value: 0.08383749784083419.
[I 2023-06-25 15:37:54,876] Trial 80 finished with value: 0.07621919516685338 and parameters: {'beta': 0.10726802774859291, 'dim': 140, 'lam': 0.0007884339339629675}. Best is trial 35 with value: 0.08383749784083419.
[I 2023-06-25 15:38:07,476] Trial 81 finished with value: 0.07785448162071193 and parameters: {'beta': 0.061257170490824395, 'dim': 120, 'lam': 0.0006412379722556365}. Best is trial 35 with value: 0.08383749784083419.
[I 2023-06-25 15:38:19,938] Trial 82 finished with value: 0.08015689230253528 and parameters: {'beta': 0.08394897499056568, 'dim': 100, 'lam': 0.0003396273197275924}. Best is trial 35 with value: 0.08383749784083419.
[I 2023-06-25 15:38:33,036] Trial 83 finished with value: 0.07994946566202794 and parameters: {'beta': 0.04694158664343766, 'dim': 140, 'lam': 0.0005646304824287238}. Best is trial 35 with value: 0.08383749784083419.
[I 2023-06-25 15:38:45,661] Trial 84 finished with value: 0.07838360848380913 and parameters: {'beta': 0.03781833655293929, 'dim': 120, 'lam': 0.0004014109822979361}. Best is trial 35 with value: 0.08383749784083419.
[I 2023-06-25 15:39:01,273] Trial 85 finished with value: 0.07708103722736645 and parameters: {'beta': 0.06180925943777102, 'dim': 280, 'lam': 0.000805986957885079}. Best is trial 35 with value: 0.08383749784083419.
[I 2023-06-25 15:39:15,346] Trial 86 finished with value: 0.07537625272013022 and parameters: {'beta': 0.031431110912636714, 'dim': 200, 'lam': 0.00044759083442574366}. Best is trial 35 with value: 0.08383749784083419.
[I 2023-06-25 15:39:28,407] Trial 87 finished with value: 0.07973155092650357 and parameters: {'beta': 0.027802273793092896, 'dim': 120, 'lam': 0.00029971126235241494}. Best is trial 35 with value: 0.08383749784083419.
[I 2023-06-25 15:39:41,362] Trial 88 finished with value: 0.07690182155734898 and parameters: {'beta': 0.047431340554436464, 'dim': 140, 'lam': 0.0005911134958664986}. Best is trial 35 with value: 0.08383749784083419.
[I 2023-06-25 15:39:54,848] Trial 89 finished with value: 0.08175724026181844 and parameters: {'beta': 0.011617729982000431, 'dim': 160, 'lam': 0.0009903802919229477}. Best is trial 35 with value: 0.08383749784083419.
[I 2023-06-25 15:40:08,125] Trial 90 finished with value: 0.08327649388670569 and parameters: {'beta': 0.012163962225720372, 'dim': 160, 'lam': 0.0009628240156272312}. Best is trial 35 with value: 0.08383749784083419.
[I 2023-06-25 15:40:21,587] Trial 91 finished with value: 0.07639450452868515 and parameters: {'beta': 0.010906972922806495, 'dim': 160, 'lam': 0.0009593747452821279}. Best is trial 35 with value: 0.08383749784083419.
[I 2023-06-25 15:40:35,012] Trial 92 finished with value: 0.07499556675824957 and parameters: {'beta': 0.013707915764402763, 'dim': 160, 'lam': 0.0007571985843231731}. Best is trial 35 with value: 0.08383749784083419.
[I 2023-06-25 15:40:48,720] Trial 93 finished with value: 0.07909052525336595 and parameters: {'beta': 0.010405929773959826, 'dim': 180, 'lam': 0.0008056867808170299}. Best is trial 35 with value: 0.08383749784083419.
[I 2023-06-25 15:41:02,169] Trial 94 finished with value: 0.07600881170267505 and parameters: {'beta': 0.017162327206790028, 'dim': 160, 'lam': 0.0005907885459874932}. Best is trial 35 with value: 0.08383749784083419.
[I 2023-06-25 15:41:15,890] Trial 95 finished with value: 0.07475896460109037 and parameters: {'beta': 0.016200969266535314, 'dim': 180, 'lam': 0.0006887596262937973}. Best is trial 35 with value: 0.08383749784083419.
[I 2023-06-25 15:41:29,029] Trial 96 finished with value: 0.08170002789567962 and parameters: {'beta': 0.01234164666690914, 'dim': 140, 'lam': 0.00098307210028287}. Best is trial 35 with value: 0.08383749784083419.
[I 2023-06-25 15:41:43,769] Trial 97 finished with value: 0.0806578577872974 and parameters: {'beta': 0.014919323737568756, 'dim': 240, 'lam': 0.00048074961311735646}. Best is trial 35 with value: 0.08383749784083419.
[I 2023-06-25 15:41:57,217] Trial 98 finished with value: 0.07719336477112053 and parameters: {'beta': 0.018915757626314696, 'dim': 160, 'lam': 0.000377461336359902}. Best is trial 35 with value: 0.08383749784083419.
[I 2023-06-25 15:42:11,168] Trial 99 finished with value: 0.07464526967893861 and parameters: {'beta': 0.023370047190423418, 'dim': 200, 'lam': 0.0008312475086755579}. Best is trial 35 with value: 0.08383749784083419.
[I 2023-06-25 15:42:11,169] A new study created in memory with name: no-name-25c0dcfc-b0fb-486f-9e55-9f85e1c53e28
[I 2023-06-25 15:53:54,049] Trial 0 finished with value: 0.08995783569104653 and parameters: {'beta': 2.792662909228755, 'dim': 300, 'lam': 7.239865747863235e-07}. Best is trial 0 with value: 0.08995783569104653.
[I 2023-06-25 16:01:06,103] Trial 1 finished with value: 0.08995783569104653 and parameters: {'beta': 0.03751095133457156, 'dim': 200, 'lam': 1.2549212003118741e-05}. Best is trial 0 with value: 0.08995783569104653.
[I 2023-06-25 16:10:32,089] Trial 2 finished with value: 0.08995783569104653 and parameters: {'beta': 6.150295993573247, 'dim': 240, 'lam': 3.406835460157907e-06}. Best is trial 0 with value: 0.08995783569104653.
[I 2023-06-25 16:19:18,770] Trial 3 finished with value: 0.08995783569104653 and parameters: {'beta': 0.010349377126169563, 'dim': 240, 'lam': 0.00012165120302980008}. Best is trial 0 with value: 0.08995783569104653.
[I 2023-06-25 16:28:08,389] Trial 4 finished with value: 0.08995783569104653 and parameters: {'beta': 2.7608983133251708, 'dim': 240, 'lam': 0.000827032994018655}. Best is trial 0 with value: 0.08995783569104653.
[I 2023-06-25 16:31:40,120] Trial 5 finished with value: 0.08995783569104653 and parameters: {'beta': 1.4764339683282197, 'dim': 120, 'lam': 8.588503689043543e-06}. Best is trial 0 with value: 0.08995783569104653.
[I 2023-06-25 16:42:34,961] Trial 6 finished with value: 0.08995783569104653 and parameters: {'beta': 0.01230335800872359, 'dim': 280, 'lam': 5.6705894974043836e-06}. Best is trial 0 with value: 0.08995783569104653.
[I 2023-06-25 16:46:06,080] Trial 7 finished with value: 0.08995783569104653 and parameters: {'beta': 0.04213569785416016, 'dim': 120, 'lam': 3.628159127360004e-05}. Best is trial 0 with value: 0.08995783569104653.
[I 2023-06-25 16:50:57,441] Trial 8 finished with value: 0.08995783569104653 and parameters: {'beta': 0.10443690094866723, 'dim': 160, 'lam': 7.349910130342696e-05}. Best is trial 0 with value: 0.08995783569104653.
[I 2023-06-25 16:55:08,764] Trial 9 finished with value: 0.08995783569104653 and parameters: {'beta': 3.3861052510634826, 'dim': 140, 'lam': 5.475636795801433e-07}. Best is trial 0 with value: 0.08995783569104653.
[I 2023-06-25 17:06:56,000] Trial 10 finished with value: 0.08995783569104653 and parameters: {'beta': 0.7679950620617949, 'dim': 300, 'lam': 2.891953963925961e-07}. Best is trial 0 with value: 0.08995783569104653.
[I 2023-06-25 17:12:15,437] Trial 11 finished with value: 0.08995783569104653 and parameters: {'beta': 0.35073091476186113, 'dim': 180, 'lam': 1.00269236699797e-06}. Best is trial 0 with value: 0.08995783569104653.
[I 2023-06-25 17:18:49,291] Trial 12 finished with value: 0.08995783569104653 and parameters: {'beta': 7.2925886616310205, 'dim': 200, 'lam': 1.1417770515672702e-07}. Best is trial 0 with value: 0.08995783569104653.
[I 2023-06-25 17:25:49,554] Trial 13 finished with value: 0.08995783569104653 and parameters: {'beta': 0.2525569890691889, 'dim': 220, 'lam': 1.7493984359986424e-06}. Best is trial 0 with value: 0.08995783569104653.
[I 2023-06-25 17:35:53,070] Trial 14 finished with value: 0.08995783569104653 and parameters: {'beta': 0.8276037394426526, 'dim': 280, 'lam': 1.969704977490506e-06}. Best is trial 0 with value: 0.08995783569104653.
[I 2023-06-25 17:42:25,385] Trial 15 finished with value: 0.08995783569104653 and parameters: {'beta': 0.05547210736955951, 'dim': 200, 'lam': 2.4555735659755296e-05}. Best is trial 0 with value: 0.08995783569104653.
[I 2023-06-25 17:47:06,659] Trial 16 finished with value: 0.08995783569104653 and parameters: {'beta': 0.23829975624331476, 'dim': 160, 'lam': 1.087363144511728e-05}. Best is trial 0 with value: 0.08995783569104653.
[I 2023-06-25 17:56:15,236] Trial 17 finished with value: 0.08995783569104653 and parameters: {'beta': 8.973331078632228, 'dim': 260, 'lam': 8.434391277736153e-07}. Best is trial 0 with value: 0.08995783569104653.
[I 2023-06-25 17:59:09,561] Trial 18 finished with value: 0.08995783569104653 and parameters: {'beta': 2.2536009755593227, 'dim': 100, 'lam': 3.1179201253841158e-06}. Best is trial 0 with value: 0.08995783569104653.
[I 2023-06-25 18:09:57,034] Trial 19 finished with value: 0.08995783569104653 and parameters: {'beta': 0.9842281421230419, 'dim': 300, 'lam': 1.0168189437085603e-07}. Best is trial 0 with value: 0.08995783569104653.
[I 2023-06-25 18:17:08,392] Trial 20 finished with value: 0.08995783569104653 and parameters: {'beta': 0.4141444136387116, 'dim': 220, 'lam': 4.233047287786195e-07}. Best is trial 0 with value: 0.08995783569104653.
[I 2023-06-25 18:26:20,391] Trial 21 finished with value: 0.08995783569104653 and parameters: {'beta': 3.718712085554193, 'dim': 260, 'lam': 3.792600460311415e-06}. Best is trial 0 with value: 0.08995783569104653.
srun: Job step aborted: Waiting up to 32 seconds for job step to finish.
slurmstepd: error: *** JOB 11936290 ON r38n2 CANCELLED AT 2023-06-25T18:31:10 DUE TO TIME LIMIT ***
slurmstepd: error: *** STEP 11936290.0 ON r38n2 CANCELLED AT 2023-06-25T18:31:10 DUE TO TIME LIMIT ***
